{"D:\\sem 5 project travel guide app\\Smart-travel-guide-app\\Server\\app.js": {"path":"D:\\sem 5 project travel guide app\\Smart-travel-guide-app\\Server\\app.js","statementMap":{"0":{"start":{"line":1,"column":14},"end":{"line":1,"column":32}},"1":{"start":{"line":2,"column":10},"end":{"line":2,"column":19}},"2":{"start":{"line":3,"column":17},"end":{"line":3,"column":39}},"3":{"start":{"line":4,"column":11},"end":{"line":4,"column":26}},"4":{"start":{"line":5,"column":17},"end":{"line":5,"column":36}},"5":{"start":{"line":6,"column":16},"end":{"line":6,"column":42}},"6":{"start":{"line":7,"column":21},"end":{"line":7,"column":64}},"7":{"start":{"line":9,"column":15},"end":{"line":9,"column":125}},"8":{"start":{"line":11,"column":0},"end":{"line":15,"column":2}},"9":{"start":{"line":16,"column":0},"end":{"line":18,"column":2}},"10":{"start":{"line":17,"column":4},"end":{"line":17,"column":39}},"11":{"start":{"line":19,"column":0},"end":{"line":21,"column":2}},"12":{"start":{"line":20,"column":4},"end":{"line":20,"column":37}},"13":{"start":{"line":24,"column":14},"end":{"line":27,"column":2}},"14":{"start":{"line":29,"column":0},"end":{"line":40,"column":4}},"15":{"start":{"line":43,"column":0},"end":{"line":43,"column":24}},"16":{"start":{"line":44,"column":0},"end":{"line":44,"column":25}},"17":{"start":{"line":45,"column":0},"end":{"line":45,"column":28}},"18":{"start":{"line":46,"column":0},"end":{"line":46,"column":30}},"19":{"start":{"line":49,"column":0},"end":{"line":49,"column":31}},"20":{"start":{"line":53,"column":0},"end":{"line":53,"column":39}},"21":{"start":{"line":56,"column":0},"end":{"line":59,"column":4}},"22":{"start":{"line":62,"column":0},"end":{"line":62,"column":50}},"23":{"start":{"line":63,"column":0},"end":{"line":63,"column":28}},"24":{"start":{"line":64,"column":0},"end":{"line":64,"column":31}},"25":{"start":{"line":66,"column":0},"end":{"line":68,"column":3}},"26":{"start":{"line":67,"column":4},"end":{"line":67,"column":34}},"27":{"start":{"line":71,"column":13},"end":{"line":73,"column":2}},"28":{"start":{"line":72,"column":4},"end":{"line":72,"column":46}},"29":{"start":{"line":75,"column":0},"end":{"line":75,"column":23}}},"fnMap":{"0":{"name":"(anonymous_0)","decl":{"start":{"line":16,"column":35},"end":{"line":16,"column":36}},"loc":{"start":{"line":16,"column":39},"end":{"line":18,"column":1}},"line":16},"1":{"name":"(anonymous_1)","decl":{"start":{"line":19,"column":31},"end":{"line":19,"column":32}},"loc":{"start":{"line":19,"column":38},"end":{"line":21,"column":1}},"line":19},"2":{"name":"(anonymous_2)","decl":{"start":{"line":66,"column":13},"end":{"line":66,"column":14}},"loc":{"start":{"line":66,"column":27},"end":{"line":68,"column":1}},"line":66},"3":{"name":"(anonymous_3)","decl":{"start":{"line":71,"column":30},"end":{"line":71,"column":31}},"loc":{"start":{"line":71,"column":40},"end":{"line":73,"column":1}},"line":71}},"branchMap":{},"s":{"0":7,"1":7,"2":7,"3":7,"4":7,"5":7,"6":7,"7":7,"8":7,"9":7,"10":3,"11":7,"12":0,"13":7,"14":7,"15":7,"16":7,"17":7,"18":7,"19":7,"20":7,"21":7,"22":7,"23":7,"24":7,"25":7,"26":0,"27":7,"28":1,"29":7},"f":{"0":3,"1":0,"2":0,"3":1},"b":{},"_coverageSchema":"1a1c01bbd47fc00a2c39e90264f33305004495a9","hash":"04499f9e802481cbae0114f1950a1fb15e29ea82"}
,"D:\\sem 5 project travel guide app\\Smart-travel-guide-app\\Server\\controller\\adminController.js": {"path":"D:\\sem 5 project travel guide app\\Smart-travel-guide-app\\Server\\controller\\adminController.js","statementMap":{"0":{"start":{"line":1,"column":15},"end":{"line":1,"column":34}},"1":{"start":{"line":2,"column":17},"end":{"line":2,"column":36}},"2":{"start":{"line":3,"column":14},"end":{"line":3,"column":37}},"3":{"start":{"line":4,"column":15},"end":{"line":4,"column":41}},"4":{"start":{"line":5,"column":13},"end":{"line":5,"column":35}},"5":{"start":{"line":6,"column":17},"end":{"line":6,"column":45}},"6":{"start":{"line":11,"column":54},"end":{"line":11,"column":62}},"7":{"start":{"line":12,"column":8},"end":{"line":14,"column":9}},"8":{"start":{"line":13,"column":12},"end":{"line":13,"column":64}},"9":{"start":{"line":16,"column":22},"end":{"line":46,"column":26}},"10":{"start":{"line":18,"column":28},"end":{"line":20,"column":29}},"11":{"start":{"line":19,"column":28},"end":{"line":19,"column":90}},"12":{"start":{"line":21,"column":27},"end":{"line":40,"column":30}},"13":{"start":{"line":23,"column":45},"end":{"line":30,"column":34}},"14":{"start":{"line":32,"column":31},"end":{"line":39,"column":34}},"15":{"start":{"line":34,"column":35},"end":{"line":34,"column":85}},"16":{"start":{"line":37,"column":36},"end":{"line":37,"column":52}},"17":{"start":{"line":38,"column":36},"end":{"line":38,"column":75}},"18":{"start":{"line":44,"column":24},"end":{"line":44,"column":40}},"19":{"start":{"line":45,"column":24},"end":{"line":45,"column":63}},"20":{"start":{"line":50,"column":33},"end":{"line":50,"column":41}},"21":{"start":{"line":51,"column":8},"end":{"line":53,"column":9}},"22":{"start":{"line":52,"column":8},"end":{"line":52,"column":63}},"23":{"start":{"line":54,"column":8},"end":{"line":79,"column":10}},"24":{"start":{"line":56,"column":12},"end":{"line":58,"column":13}},"25":{"start":{"line":57,"column":12},"end":{"line":57,"column":64}},"26":{"start":{"line":59,"column":12},"end":{"line":75,"column":14}},"27":{"start":{"line":61,"column":16},"end":{"line":70,"column":17}},"28":{"start":{"line":62,"column":20},"end":{"line":62,"column":40}},"29":{"start":{"line":63,"column":20},"end":{"line":63,"column":50}},"30":{"start":{"line":64,"column":20},"end":{"line":64,"column":55}},"31":{"start":{"line":65,"column":20},"end":{"line":65,"column":50}},"32":{"start":{"line":66,"column":19},"end":{"line":66,"column":78}},"33":{"start":{"line":69,"column":20},"end":{"line":69,"column":72}},"34":{"start":{"line":73,"column":16},"end":{"line":73,"column":32}},"35":{"start":{"line":74,"column":16},"end":{"line":74,"column":55}},"36":{"start":{"line":77,"column":16},"end":{"line":77,"column":32}},"37":{"start":{"line":78,"column":16},"end":{"line":78,"column":55}},"38":{"start":{"line":83,"column":15},"end":{"line":90,"column":18}},"39":{"start":{"line":85,"column":20},"end":{"line":85,"column":45}},"40":{"start":{"line":88,"column":20},"end":{"line":88,"column":36}},"41":{"start":{"line":89,"column":20},"end":{"line":89,"column":59}},"42":{"start":{"line":93,"column":12},"end":{"line":100,"column":14}},"43":{"start":{"line":95,"column":16},"end":{"line":95,"column":60}},"44":{"start":{"line":98,"column":16},"end":{"line":98,"column":32}},"45":{"start":{"line":99,"column":16},"end":{"line":99,"column":55}},"46":{"start":{"line":103,"column":12},"end":{"line":110,"column":14}},"47":{"start":{"line":105,"column":16},"end":{"line":105,"column":40}},"48":{"start":{"line":108,"column":16},"end":{"line":108,"column":32}},"49":{"start":{"line":109,"column":16},"end":{"line":109,"column":55}},"50":{"start":{"line":113,"column":8},"end":{"line":120,"column":10}},"51":{"start":{"line":115,"column":12},"end":{"line":115,"column":41}},"52":{"start":{"line":118,"column":12},"end":{"line":118,"column":28}},"53":{"start":{"line":119,"column":12},"end":{"line":119,"column":51}},"54":{"start":{"line":123,"column":29},"end":{"line":124,"column":146}},"55":{"start":{"line":126,"column":8},"end":{"line":156,"column":10}},"56":{"start":{"line":128,"column":12},"end":{"line":142,"column":13}},"57":{"start":{"line":129,"column":31},"end":{"line":134,"column":18}},"58":{"start":{"line":135,"column":16},"end":{"line":141,"column":30}},"59":{"start":{"line":137,"column":32},"end":{"line":137,"column":94}},"60":{"start":{"line":140,"column":32},"end":{"line":140,"column":48}},"61":{"start":{"line":143,"column":12},"end":{"line":152,"column":13}},"62":{"start":{"line":144,"column":16},"end":{"line":151,"column":18}},"63":{"start":{"line":146,"column":20},"end":{"line":146,"column":82}},"64":{"start":{"line":149,"column":20},"end":{"line":149,"column":36}},"65":{"start":{"line":150,"column":20},"end":{"line":150,"column":59}},"66":{"start":{"line":154,"column":12},"end":{"line":154,"column":28}},"67":{"start":{"line":155,"column":12},"end":{"line":155,"column":51}},"68":{"start":{"line":159,"column":28},"end":{"line":160,"column":146}},"69":{"start":{"line":163,"column":8},"end":{"line":188,"column":10}},"70":{"start":{"line":165,"column":12},"end":{"line":181,"column":13}},"71":{"start":{"line":166,"column":31},"end":{"line":171,"column":18}},"72":{"start":{"line":172,"column":16},"end":{"line":179,"column":30}},"73":{"start":{"line":174,"column":32},"end":{"line":174,"column":55}},"74":{"start":{"line":177,"column":32},"end":{"line":177,"column":48}},"75":{"start":{"line":178,"column":32},"end":{"line":178,"column":71}},"76":{"start":{"line":182,"column":12},"end":{"line":184,"column":13}},"77":{"start":{"line":183,"column":16},"end":{"line":183,"column":41}},"78":{"start":{"line":186,"column":12},"end":{"line":186,"column":28}},"79":{"start":{"line":187,"column":12},"end":{"line":187,"column":51}},"80":{"start":{"line":192,"column":8},"end":{"line":210,"column":10}},"81":{"start":{"line":194,"column":12},"end":{"line":196,"column":13}},"82":{"start":{"line":195,"column":16},"end":{"line":195,"column":54}},"83":{"start":{"line":197,"column":12},"end":{"line":206,"column":13}},"84":{"start":{"line":198,"column":16},"end":{"line":205,"column":18}},"85":{"start":{"line":200,"column":20},"end":{"line":200,"column":82}},"86":{"start":{"line":203,"column":20},"end":{"line":203,"column":36}},"87":{"start":{"line":204,"column":20},"end":{"line":204,"column":59}},"88":{"start":{"line":208,"column":12},"end":{"line":208,"column":28}},"89":{"start":{"line":209,"column":12},"end":{"line":209,"column":51}},"90":{"start":{"line":214,"column":8},"end":{"line":232,"column":10}},"91":{"start":{"line":216,"column":12},"end":{"line":218,"column":13}},"92":{"start":{"line":217,"column":16},"end":{"line":217,"column":54}},"93":{"start":{"line":219,"column":12},"end":{"line":228,"column":13}},"94":{"start":{"line":220,"column":16},"end":{"line":227,"column":18}},"95":{"start":{"line":222,"column":20},"end":{"line":222,"column":88}},"96":{"start":{"line":225,"column":20},"end":{"line":225,"column":36}},"97":{"start":{"line":226,"column":20},"end":{"line":226,"column":59}},"98":{"start":{"line":230,"column":12},"end":{"line":230,"column":28}},"99":{"start":{"line":231,"column":12},"end":{"line":231,"column":51}},"100":{"start":{"line":236,"column":12},"end":{"line":245,"column":18}},"101":{"start":{"line":240,"column":20},"end":{"line":240,"column":46}},"102":{"start":{"line":243,"column":20},"end":{"line":243,"column":36}},"103":{"start":{"line":244,"column":20},"end":{"line":244,"column":59}},"104":{"start":{"line":248,"column":12},"end":{"line":257,"column":18}},"105":{"start":{"line":252,"column":20},"end":{"line":252,"column":46}},"106":{"start":{"line":255,"column":20},"end":{"line":255,"column":36}},"107":{"start":{"line":256,"column":20},"end":{"line":256,"column":59}},"108":{"start":{"line":260,"column":12},"end":{"line":265,"column":14}},"109":{"start":{"line":261,"column":16},"end":{"line":261,"column":39}},"110":{"start":{"line":263,"column":16},"end":{"line":263,"column":30}},"111":{"start":{"line":264,"column":16},"end":{"line":264,"column":55}},"112":{"start":{"line":270,"column":12},"end":{"line":277,"column":22}},"113":{"start":{"line":272,"column":24},"end":{"line":272,"column":47}},"114":{"start":{"line":275,"column":24},"end":{"line":275,"column":40}},"115":{"start":{"line":276,"column":24},"end":{"line":276,"column":63}},"116":{"start":{"line":280,"column":12},"end":{"line":287,"column":14}},"117":{"start":{"line":282,"column":16},"end":{"line":282,"column":39}},"118":{"start":{"line":285,"column":16},"end":{"line":285,"column":32}},"119":{"start":{"line":286,"column":16},"end":{"line":286,"column":55}},"120":{"start":{"line":291,"column":0},"end":{"line":291,"column":30}}},"fnMap":{"0":{"name":"(anonymous_0)","decl":{"start":{"line":10,"column":4},"end":{"line":10,"column":5}},"loc":{"start":{"line":10,"column":32},"end":{"line":48,"column":5}},"line":10},"1":{"name":"(anonymous_1)","decl":{"start":{"line":17,"column":30},"end":{"line":17,"column":31}},"loc":{"start":{"line":17,"column":43},"end":{"line":42,"column":25}},"line":17},"2":{"name":"(anonymous_2)","decl":{"start":{"line":22,"column":34},"end":{"line":22,"column":35}},"loc":{"start":{"line":22,"column":50},"end":{"line":40,"column":29}},"line":22},"3":{"name":"(anonymous_3)","decl":{"start":{"line":33,"column":38},"end":{"line":33,"column":39}},"loc":{"start":{"line":33,"column":44},"end":{"line":35,"column":33}},"line":33},"4":{"name":"(anonymous_4)","decl":{"start":{"line":36,"column":39},"end":{"line":36,"column":40}},"loc":{"start":{"line":36,"column":44},"end":{"line":39,"column":33}},"line":36},"5":{"name":"(anonymous_5)","decl":{"start":{"line":43,"column":31},"end":{"line":43,"column":32}},"loc":{"start":{"line":43,"column":36},"end":{"line":46,"column":25}},"line":43},"6":{"name":"(anonymous_6)","decl":{"start":{"line":49,"column":4},"end":{"line":49,"column":5}},"loc":{"start":{"line":49,"column":31},"end":{"line":80,"column":5}},"line":49},"7":{"name":"(anonymous_7)","decl":{"start":{"line":55,"column":14},"end":{"line":55,"column":15}},"loc":{"start":{"line":55,"column":25},"end":{"line":76,"column":9}},"line":55},"8":{"name":"(anonymous_8)","decl":{"start":{"line":60,"column":18},"end":{"line":60,"column":19}},"loc":{"start":{"line":60,"column":27},"end":{"line":71,"column":13}},"line":60},"9":{"name":"(anonymous_9)","decl":{"start":{"line":72,"column":19},"end":{"line":72,"column":20}},"loc":{"start":{"line":72,"column":24},"end":{"line":75,"column":13}},"line":72},"10":{"name":"(anonymous_10)","decl":{"start":{"line":76,"column":17},"end":{"line":76,"column":18}},"loc":{"start":{"line":76,"column":22},"end":{"line":79,"column":9}},"line":76},"11":{"name":"(anonymous_11)","decl":{"start":{"line":82,"column":8},"end":{"line":82,"column":9}},"loc":{"start":{"line":82,"column":40},"end":{"line":91,"column":9}},"line":82},"12":{"name":"(anonymous_12)","decl":{"start":{"line":84,"column":21},"end":{"line":84,"column":22}},"loc":{"start":{"line":84,"column":31},"end":{"line":86,"column":17}},"line":84},"13":{"name":"(anonymous_13)","decl":{"start":{"line":87,"column":22},"end":{"line":87,"column":23}},"loc":{"start":{"line":87,"column":27},"end":{"line":90,"column":17}},"line":87},"14":{"name":"(anonymous_14)","decl":{"start":{"line":92,"column":8},"end":{"line":92,"column":9}},"loc":{"start":{"line":92,"column":39},"end":{"line":101,"column":5}},"line":92},"15":{"name":"(anonymous_15)","decl":{"start":{"line":94,"column":17},"end":{"line":94,"column":18}},"loc":{"start":{"line":94,"column":27},"end":{"line":96,"column":13}},"line":94},"16":{"name":"(anonymous_16)","decl":{"start":{"line":97,"column":18},"end":{"line":97,"column":19}},"loc":{"start":{"line":97,"column":23},"end":{"line":100,"column":13}},"line":97},"17":{"name":"(anonymous_17)","decl":{"start":{"line":102,"column":4},"end":{"line":102,"column":5}},"loc":{"start":{"line":102,"column":34},"end":{"line":111,"column":5}},"line":102},"18":{"name":"(anonymous_18)","decl":{"start":{"line":104,"column":17},"end":{"line":104,"column":18}},"loc":{"start":{"line":104,"column":26},"end":{"line":106,"column":13}},"line":104},"19":{"name":"(anonymous_19)","decl":{"start":{"line":107,"column":18},"end":{"line":107,"column":19}},"loc":{"start":{"line":107,"column":23},"end":{"line":110,"column":13}},"line":107},"20":{"name":"(anonymous_20)","decl":{"start":{"line":112,"column":4},"end":{"line":112,"column":5}},"loc":{"start":{"line":112,"column":36},"end":{"line":121,"column":5}},"line":112},"21":{"name":"(anonymous_21)","decl":{"start":{"line":114,"column":13},"end":{"line":114,"column":14}},"loc":{"start":{"line":114,"column":27},"end":{"line":116,"column":9}},"line":114},"22":{"name":"(anonymous_22)","decl":{"start":{"line":117,"column":14},"end":{"line":117,"column":15}},"loc":{"start":{"line":117,"column":19},"end":{"line":120,"column":9}},"line":117},"23":{"name":"(anonymous_23)","decl":{"start":{"line":122,"column":4},"end":{"line":122,"column":5}},"loc":{"start":{"line":122,"column":46},"end":{"line":157,"column":5}},"line":122},"24":{"name":"(anonymous_24)","decl":{"start":{"line":127,"column":14},"end":{"line":127,"column":15}},"loc":{"start":{"line":127,"column":26},"end":{"line":153,"column":9}},"line":127},"25":{"name":"(anonymous_25)","decl":{"start":{"line":136,"column":34},"end":{"line":136,"column":35}},"loc":{"start":{"line":136,"column":42},"end":{"line":138,"column":29}},"line":136},"26":{"name":"(anonymous_26)","decl":{"start":{"line":139,"column":35},"end":{"line":139,"column":36}},"loc":{"start":{"line":139,"column":40},"end":{"line":141,"column":29}},"line":139},"27":{"name":"(anonymous_27)","decl":{"start":{"line":145,"column":21},"end":{"line":145,"column":22}},"loc":{"start":{"line":145,"column":29},"end":{"line":147,"column":17}},"line":145},"28":{"name":"(anonymous_28)","decl":{"start":{"line":148,"column":22},"end":{"line":148,"column":23}},"loc":{"start":{"line":148,"column":27},"end":{"line":151,"column":17}},"line":148},"29":{"name":"(anonymous_29)","decl":{"start":{"line":153,"column":17},"end":{"line":153,"column":18}},"loc":{"start":{"line":153,"column":22},"end":{"line":156,"column":9}},"line":153},"30":{"name":"(anonymous_30)","decl":{"start":{"line":158,"column":4},"end":{"line":158,"column":5}},"loc":{"start":{"line":158,"column":41},"end":{"line":189,"column":5}},"line":158},"31":{"name":"(anonymous_31)","decl":{"start":{"line":164,"column":14},"end":{"line":164,"column":15}},"loc":{"start":{"line":164,"column":26},"end":{"line":185,"column":9}},"line":164},"32":{"name":"(anonymous_32)","decl":{"start":{"line":173,"column":34},"end":{"line":173,"column":35}},"loc":{"start":{"line":173,"column":42},"end":{"line":175,"column":29}},"line":173},"33":{"name":"(anonymous_33)","decl":{"start":{"line":176,"column":35},"end":{"line":176,"column":36}},"loc":{"start":{"line":176,"column":40},"end":{"line":179,"column":29}},"line":176},"34":{"name":"(anonymous_34)","decl":{"start":{"line":185,"column":17},"end":{"line":185,"column":18}},"loc":{"start":{"line":185,"column":22},"end":{"line":188,"column":9}},"line":185},"35":{"name":"(anonymous_35)","decl":{"start":{"line":191,"column":4},"end":{"line":191,"column":5}},"loc":{"start":{"line":191,"column":45},"end":{"line":211,"column":5}},"line":191},"36":{"name":"(anonymous_36)","decl":{"start":{"line":193,"column":14},"end":{"line":193,"column":15}},"loc":{"start":{"line":193,"column":26},"end":{"line":207,"column":9}},"line":193},"37":{"name":"(anonymous_37)","decl":{"start":{"line":199,"column":21},"end":{"line":199,"column":22}},"loc":{"start":{"line":199,"column":29},"end":{"line":201,"column":17}},"line":199},"38":{"name":"(anonymous_38)","decl":{"start":{"line":202,"column":22},"end":{"line":202,"column":23}},"loc":{"start":{"line":202,"column":27},"end":{"line":205,"column":17}},"line":202},"39":{"name":"(anonymous_39)","decl":{"start":{"line":207,"column":17},"end":{"line":207,"column":18}},"loc":{"start":{"line":207,"column":22},"end":{"line":210,"column":9}},"line":207},"40":{"name":"(anonymous_40)","decl":{"start":{"line":213,"column":4},"end":{"line":213,"column":5}},"loc":{"start":{"line":213,"column":43},"end":{"line":233,"column":5}},"line":213},"41":{"name":"(anonymous_41)","decl":{"start":{"line":215,"column":14},"end":{"line":215,"column":15}},"loc":{"start":{"line":215,"column":26},"end":{"line":229,"column":9}},"line":215},"42":{"name":"(anonymous_42)","decl":{"start":{"line":221,"column":21},"end":{"line":221,"column":22}},"loc":{"start":{"line":221,"column":29},"end":{"line":223,"column":17}},"line":221},"43":{"name":"(anonymous_43)","decl":{"start":{"line":224,"column":22},"end":{"line":224,"column":23}},"loc":{"start":{"line":224,"column":27},"end":{"line":227,"column":17}},"line":224},"44":{"name":"(anonymous_44)","decl":{"start":{"line":229,"column":17},"end":{"line":229,"column":18}},"loc":{"start":{"line":229,"column":22},"end":{"line":232,"column":9}},"line":229},"45":{"name":"(anonymous_45)","decl":{"start":{"line":235,"column":8},"end":{"line":235,"column":9}},"loc":{"start":{"line":235,"column":44},"end":{"line":246,"column":9}},"line":235},"46":{"name":"(anonymous_46)","decl":{"start":{"line":239,"column":22},"end":{"line":239,"column":23}},"loc":{"start":{"line":239,"column":31},"end":{"line":241,"column":17}},"line":239},"47":{"name":"(anonymous_47)","decl":{"start":{"line":242,"column":23},"end":{"line":242,"column":24}},"loc":{"start":{"line":242,"column":28},"end":{"line":245,"column":17}},"line":242},"48":{"name":"(anonymous_48)","decl":{"start":{"line":247,"column":8},"end":{"line":247,"column":9}},"loc":{"start":{"line":247,"column":44},"end":{"line":258,"column":9}},"line":247},"49":{"name":"(anonymous_49)","decl":{"start":{"line":251,"column":22},"end":{"line":251,"column":23}},"loc":{"start":{"line":251,"column":31},"end":{"line":253,"column":17}},"line":251},"50":{"name":"(anonymous_50)","decl":{"start":{"line":254,"column":23},"end":{"line":254,"column":24}},"loc":{"start":{"line":254,"column":28},"end":{"line":257,"column":17}},"line":254},"51":{"name":"(anonymous_51)","decl":{"start":{"line":259,"column":8},"end":{"line":259,"column":9}},"loc":{"start":{"line":259,"column":46},"end":{"line":266,"column":9}},"line":259},"52":{"name":"(anonymous_52)","decl":{"start":{"line":260,"column":110},"end":{"line":260,"column":111}},"loc":{"start":{"line":260,"column":116},"end":{"line":262,"column":13}},"line":260},"53":{"name":"(anonymous_53)","decl":{"start":{"line":262,"column":21},"end":{"line":262,"column":22}},"loc":{"start":{"line":262,"column":24},"end":{"line":265,"column":13}},"line":262},"54":{"name":"(anonymous_54)","decl":{"start":{"line":268,"column":8},"end":{"line":268,"column":9}},"loc":{"start":{"line":268,"column":43},"end":{"line":278,"column":9}},"line":268},"55":{"name":"(anonymous_55)","decl":{"start":{"line":271,"column":25},"end":{"line":271,"column":26}},"loc":{"start":{"line":271,"column":31},"end":{"line":273,"column":21}},"line":271},"56":{"name":"(anonymous_56)","decl":{"start":{"line":274,"column":26},"end":{"line":274,"column":27}},"loc":{"start":{"line":274,"column":31},"end":{"line":277,"column":21}},"line":274},"57":{"name":"(anonymous_57)","decl":{"start":{"line":279,"column":8},"end":{"line":279,"column":9}},"loc":{"start":{"line":279,"column":46},"end":{"line":288,"column":9}},"line":279},"58":{"name":"(anonymous_58)","decl":{"start":{"line":281,"column":17},"end":{"line":281,"column":18}},"loc":{"start":{"line":281,"column":23},"end":{"line":283,"column":13}},"line":281},"59":{"name":"(anonymous_59)","decl":{"start":{"line":284,"column":18},"end":{"line":284,"column":19}},"loc":{"start":{"line":284,"column":23},"end":{"line":287,"column":13}},"line":284}},"branchMap":{"0":{"loc":{"start":{"line":12,"column":8},"end":{"line":14,"column":9}},"type":"if","locations":[{"start":{"line":12,"column":8},"end":{"line":14,"column":9}},{"start":{"line":12,"column":8},"end":{"line":14,"column":9}}],"line":12},"1":{"loc":{"start":{"line":12,"column":11},"end":{"line":12,"column":66}},"type":"binary-expr","locations":[{"start":{"line":12,"column":11},"end":{"line":12,"column":21}},{"start":{"line":12,"column":25},"end":{"line":12,"column":34}},{"start":{"line":12,"column":38},"end":{"line":12,"column":42}},{"start":{"line":12,"column":46},"end":{"line":12,"column":52}},{"start":{"line":12,"column":57},"end":{"line":12,"column":66}}],"line":12},"2":{"loc":{"start":{"line":18,"column":28},"end":{"line":20,"column":29}},"type":"if","locations":[{"start":{"line":18,"column":28},"end":{"line":20,"column":29}},{"start":{"line":18,"column":28},"end":{"line":20,"column":29}}],"line":18},"3":{"loc":{"start":{"line":51,"column":8},"end":{"line":53,"column":9}},"type":"if","locations":[{"start":{"line":51,"column":8},"end":{"line":53,"column":9}},{"start":{"line":51,"column":8},"end":{"line":53,"column":9}}],"line":51},"4":{"loc":{"start":{"line":51,"column":11},"end":{"line":51,"column":30}},"type":"binary-expr","locations":[{"start":{"line":51,"column":11},"end":{"line":51,"column":17}},{"start":{"line":51,"column":21},"end":{"line":51,"column":30}}],"line":51},"5":{"loc":{"start":{"line":56,"column":12},"end":{"line":58,"column":13}},"type":"if","locations":[{"start":{"line":56,"column":12},"end":{"line":58,"column":13}},{"start":{"line":56,"column":12},"end":{"line":58,"column":13}}],"line":56},"6":{"loc":{"start":{"line":61,"column":16},"end":{"line":70,"column":17}},"type":"if","locations":[{"start":{"line":61,"column":16},"end":{"line":70,"column":17}},{"start":{"line":61,"column":16},"end":{"line":70,"column":17}}],"line":61},"7":{"loc":{"start":{"line":128,"column":12},"end":{"line":142,"column":13}},"type":"if","locations":[{"start":{"line":128,"column":12},"end":{"line":142,"column":13}},{"start":{"line":128,"column":12},"end":{"line":142,"column":13}}],"line":128},"8":{"loc":{"start":{"line":143,"column":12},"end":{"line":152,"column":13}},"type":"if","locations":[{"start":{"line":143,"column":12},"end":{"line":152,"column":13}},{"start":{"line":143,"column":12},"end":{"line":152,"column":13}}],"line":143},"9":{"loc":{"start":{"line":165,"column":12},"end":{"line":181,"column":13}},"type":"if","locations":[{"start":{"line":165,"column":12},"end":{"line":181,"column":13}},{"start":{"line":165,"column":12},"end":{"line":181,"column":13}}],"line":165},"10":{"loc":{"start":{"line":182,"column":12},"end":{"line":184,"column":13}},"type":"if","locations":[{"start":{"line":182,"column":12},"end":{"line":184,"column":13}},{"start":{"line":182,"column":12},"end":{"line":184,"column":13}}],"line":182},"11":{"loc":{"start":{"line":194,"column":12},"end":{"line":196,"column":13}},"type":"if","locations":[{"start":{"line":194,"column":12},"end":{"line":196,"column":13}},{"start":{"line":194,"column":12},"end":{"line":196,"column":13}}],"line":194},"12":{"loc":{"start":{"line":197,"column":12},"end":{"line":206,"column":13}},"type":"if","locations":[{"start":{"line":197,"column":12},"end":{"line":206,"column":13}},{"start":{"line":197,"column":12},"end":{"line":206,"column":13}}],"line":197},"13":{"loc":{"start":{"line":216,"column":12},"end":{"line":218,"column":13}},"type":"if","locations":[{"start":{"line":216,"column":12},"end":{"line":218,"column":13}},{"start":{"line":216,"column":12},"end":{"line":218,"column":13}}],"line":216},"14":{"loc":{"start":{"line":219,"column":12},"end":{"line":228,"column":13}},"type":"if","locations":[{"start":{"line":219,"column":12},"end":{"line":228,"column":13}},{"start":{"line":219,"column":12},"end":{"line":228,"column":13}}],"line":219}},"s":{"0":7,"1":7,"2":7,"3":7,"4":7,"5":7,"6":4,"7":4,"8":1,"9":3,"10":2,"11":1,"12":1,"13":1,"14":1,"15":0,"16":1,"17":1,"18":1,"19":1,"20":5,"21":5,"22":1,"23":4,"24":3,"25":1,"26":2,"27":1,"28":0,"29":0,"30":0,"31":0,"32":0,"33":1,"34":1,"35":1,"36":1,"37":1,"38":1,"39":1,"40":0,"41":0,"42":1,"43":1,"44":0,"45":0,"46":1,"47":1,"48":0,"49":0,"50":1,"51":1,"52":0,"53":0,"54":2,"55":2,"56":1,"57":0,"58":0,"59":0,"60":0,"61":1,"62":1,"63":1,"64":0,"65":0,"66":1,"67":1,"68":2,"69":2,"70":1,"71":0,"72":0,"73":0,"74":0,"75":0,"76":1,"77":1,"78":1,"79":1,"80":3,"81":2,"82":1,"83":1,"84":1,"85":1,"86":0,"87":0,"88":1,"89":1,"90":3,"91":2,"92":1,"93":1,"94":1,"95":1,"96":0,"97":0,"98":1,"99":1,"100":2,"101":1,"102":1,"103":1,"104":1,"105":1,"106":0,"107":0,"108":2,"109":1,"110":1,"111":1,"112":2,"113":1,"114":1,"115":1,"116":2,"117":1,"118":1,"119":1,"120":7},"f":{"0":4,"1":2,"2":1,"3":0,"4":1,"5":1,"6":5,"7":3,"8":1,"9":1,"10":1,"11":1,"12":1,"13":0,"14":1,"15":1,"16":0,"17":1,"18":1,"19":0,"20":1,"21":1,"22":0,"23":2,"24":1,"25":0,"26":0,"27":1,"28":0,"29":1,"30":2,"31":1,"32":0,"33":0,"34":1,"35":3,"36":2,"37":1,"38":0,"39":1,"40":3,"41":2,"42":1,"43":0,"44":1,"45":2,"46":1,"47":1,"48":1,"49":1,"50":0,"51":2,"52":1,"53":1,"54":2,"55":1,"56":1,"57":2,"58":1,"59":1},"b":{"0":[1,3],"1":[4,3,3,3,3],"2":[1,1],"3":[1,4],"4":[5,4],"5":[1,2],"6":[0,1],"7":[0,1],"8":[1,0],"9":[0,1],"10":[1,0],"11":[1,1],"12":[1,0],"13":[1,1],"14":[1,0]},"_coverageSchema":"1a1c01bbd47fc00a2c39e90264f33305004495a9","hash":"4951de2aaf6c2b3ef9828c7c56408c07f8c8ebaa"}
,"D:\\sem 5 project travel guide app\\Smart-travel-guide-app\\Server\\controller\\rootController.js": {"path":"D:\\sem 5 project travel guide app\\Smart-travel-guide-app\\Server\\controller\\rootController.js","statementMap":{"0":{"start":{"line":1,"column":15},"end":{"line":1,"column":34}},"1":{"start":{"line":2,"column":17},"end":{"line":2,"column":36}},"2":{"start":{"line":3,"column":13},"end":{"line":3,"column":35}},"3":{"start":{"line":5,"column":17},"end":{"line":5,"column":63}},"4":{"start":{"line":13,"column":71},"end":{"line":13,"column":79}},"5":{"start":{"line":14,"column":8},"end":{"line":17,"column":9}},"6":{"start":{"line":15,"column":12},"end":{"line":15,"column":33}},"7":{"start":{"line":16,"column":12},"end":{"line":16,"column":64}},"8":{"start":{"line":19,"column":23},"end":{"line":51,"column":26}},"9":{"start":{"line":21,"column":28},"end":{"line":23,"column":29}},"10":{"start":{"line":22,"column":28},"end":{"line":22,"column":90}},"11":{"start":{"line":24,"column":28},"end":{"line":45,"column":30}},"12":{"start":{"line":26,"column":45},"end":{"line":35,"column":34}},"13":{"start":{"line":37,"column":32},"end":{"line":44,"column":34}},"14":{"start":{"line":39,"column":36},"end":{"line":39,"column":87}},"15":{"start":{"line":42,"column":36},"end":{"line":42,"column":52}},"16":{"start":{"line":43,"column":36},"end":{"line":43,"column":75}},"17":{"start":{"line":49,"column":24},"end":{"line":49,"column":40}},"18":{"start":{"line":50,"column":24},"end":{"line":50,"column":63}},"19":{"start":{"line":55,"column":33},"end":{"line":55,"column":41}},"20":{"start":{"line":56,"column":8},"end":{"line":58,"column":9}},"21":{"start":{"line":57,"column":8},"end":{"line":57,"column":63}},"22":{"start":{"line":59,"column":8},"end":{"line":85,"column":10}},"23":{"start":{"line":61,"column":12},"end":{"line":63,"column":13}},"24":{"start":{"line":62,"column":12},"end":{"line":62,"column":64}},"25":{"start":{"line":64,"column":12},"end":{"line":81,"column":14}},"26":{"start":{"line":66,"column":16},"end":{"line":76,"column":17}},"27":{"start":{"line":67,"column":94},"end":{"line":67,"column":103}},"28":{"start":{"line":68,"column":20},"end":{"line":68,"column":39}},"29":{"start":{"line":69,"column":20},"end":{"line":69,"column":49}},"30":{"start":{"line":70,"column":20},"end":{"line":70,"column":45}},"31":{"start":{"line":71,"column":20},"end":{"line":71,"column":53}},"32":{"start":{"line":72,"column":19},"end":{"line":72,"column":154}},"33":{"start":{"line":75,"column":20},"end":{"line":75,"column":73}},"34":{"start":{"line":79,"column":16},"end":{"line":79,"column":32}},"35":{"start":{"line":80,"column":16},"end":{"line":80,"column":55}},"36":{"start":{"line":83,"column":12},"end":{"line":83,"column":28}},"37":{"start":{"line":84,"column":12},"end":{"line":84,"column":51}},"38":{"start":{"line":89,"column":12},"end":{"line":89,"column":34}},"39":{"start":{"line":90,"column":12},"end":{"line":90,"column":61}},"40":{"start":{"line":96,"column":0},"end":{"line":96,"column":29}}},"fnMap":{"0":{"name":"(anonymous_0)","decl":{"start":{"line":12,"column":4},"end":{"line":12,"column":5}},"loc":{"start":{"line":12,"column":32},"end":{"line":53,"column":5}},"line":12},"1":{"name":"(anonymous_1)","decl":{"start":{"line":20,"column":30},"end":{"line":20,"column":31}},"loc":{"start":{"line":20,"column":43},"end":{"line":47,"column":25}},"line":20},"2":{"name":"(anonymous_2)","decl":{"start":{"line":25,"column":34},"end":{"line":25,"column":35}},"loc":{"start":{"line":25,"column":50},"end":{"line":45,"column":29}},"line":25},"3":{"name":"(anonymous_3)","decl":{"start":{"line":38,"column":38},"end":{"line":38,"column":39}},"loc":{"start":{"line":38,"column":44},"end":{"line":40,"column":33}},"line":38},"4":{"name":"(anonymous_4)","decl":{"start":{"line":41,"column":39},"end":{"line":41,"column":40}},"loc":{"start":{"line":41,"column":44},"end":{"line":44,"column":33}},"line":41},"5":{"name":"(anonymous_5)","decl":{"start":{"line":48,"column":31},"end":{"line":48,"column":32}},"loc":{"start":{"line":48,"column":36},"end":{"line":51,"column":25}},"line":48},"6":{"name":"(anonymous_6)","decl":{"start":{"line":54,"column":4},"end":{"line":54,"column":5}},"loc":{"start":{"line":54,"column":31},"end":{"line":86,"column":9}},"line":54},"7":{"name":"(anonymous_7)","decl":{"start":{"line":60,"column":14},"end":{"line":60,"column":15}},"loc":{"start":{"line":60,"column":25},"end":{"line":82,"column":9}},"line":60},"8":{"name":"(anonymous_8)","decl":{"start":{"line":65,"column":18},"end":{"line":65,"column":19}},"loc":{"start":{"line":65,"column":27},"end":{"line":77,"column":13}},"line":65},"9":{"name":"(anonymous_9)","decl":{"start":{"line":78,"column":19},"end":{"line":78,"column":20}},"loc":{"start":{"line":78,"column":24},"end":{"line":81,"column":13}},"line":78},"10":{"name":"(anonymous_10)","decl":{"start":{"line":82,"column":17},"end":{"line":82,"column":18}},"loc":{"start":{"line":82,"column":22},"end":{"line":85,"column":9}},"line":82},"11":{"name":"(anonymous_11)","decl":{"start":{"line":88,"column":4},"end":{"line":88,"column":5}},"loc":{"start":{"line":88,"column":32},"end":{"line":91,"column":9}},"line":88}},"branchMap":{"0":{"loc":{"start":{"line":14,"column":8},"end":{"line":17,"column":9}},"type":"if","locations":[{"start":{"line":14,"column":8},"end":{"line":17,"column":9}},{"start":{"line":14,"column":8},"end":{"line":17,"column":9}}],"line":14},"1":{"loc":{"start":{"line":14,"column":11},"end":{"line":14,"column":91}},"type":"binary-expr","locations":[{"start":{"line":14,"column":11},"end":{"line":14,"column":21}},{"start":{"line":14,"column":25},"end":{"line":14,"column":34}},{"start":{"line":14,"column":38},"end":{"line":14,"column":42}},{"start":{"line":14,"column":46},"end":{"line":14,"column":54}},{"start":{"line":14,"column":58},"end":{"line":14,"column":67}},{"start":{"line":14,"column":71},"end":{"line":14,"column":77}},{"start":{"line":14,"column":82},"end":{"line":14,"column":91}}],"line":14},"2":{"loc":{"start":{"line":21,"column":28},"end":{"line":23,"column":29}},"type":"if","locations":[{"start":{"line":21,"column":28},"end":{"line":23,"column":29}},{"start":{"line":21,"column":28},"end":{"line":23,"column":29}}],"line":21},"3":{"loc":{"start":{"line":56,"column":8},"end":{"line":58,"column":9}},"type":"if","locations":[{"start":{"line":56,"column":8},"end":{"line":58,"column":9}},{"start":{"line":56,"column":8},"end":{"line":58,"column":9}}],"line":56},"4":{"loc":{"start":{"line":56,"column":11},"end":{"line":56,"column":30}},"type":"binary-expr","locations":[{"start":{"line":56,"column":11},"end":{"line":56,"column":17}},{"start":{"line":56,"column":21},"end":{"line":56,"column":30}}],"line":56},"5":{"loc":{"start":{"line":61,"column":12},"end":{"line":63,"column":13}},"type":"if","locations":[{"start":{"line":61,"column":12},"end":{"line":63,"column":13}},{"start":{"line":61,"column":12},"end":{"line":63,"column":13}}],"line":61},"6":{"loc":{"start":{"line":66,"column":16},"end":{"line":76,"column":17}},"type":"if","locations":[{"start":{"line":66,"column":16},"end":{"line":76,"column":17}},{"start":{"line":66,"column":16},"end":{"line":76,"column":17}}],"line":66}},"s":{"0":7,"1":7,"2":7,"3":7,"4":5,"5":5,"6":1,"7":1,"8":4,"9":3,"10":1,"11":2,"12":2,"13":2,"14":1,"15":1,"16":1,"17":1,"18":1,"19":5,"20":5,"21":1,"22":4,"23":3,"24":1,"25":2,"26":1,"27":0,"28":0,"29":0,"30":0,"31":0,"32":0,"33":1,"34":1,"35":1,"36":1,"37":1,"38":1,"39":1,"40":7},"f":{"0":5,"1":3,"2":2,"3":1,"4":1,"5":1,"6":5,"7":3,"8":1,"9":1,"10":1,"11":1},"b":{"0":[1,4],"1":[5,4,4,4,4,4,4],"2":[1,2],"3":[1,4],"4":[5,4],"5":[1,2],"6":[0,1]},"_coverageSchema":"1a1c01bbd47fc00a2c39e90264f33305004495a9","hash":"bc319ed31da69c609c9a9486298dd14bf4488ca9"}
,"D:\\sem 5 project travel guide app\\Smart-travel-guide-app\\Server\\controller\\userController.js": {"path":"D:\\sem 5 project travel guide app\\Smart-travel-guide-app\\Server\\controller\\userController.js","statementMap":{"0":{"start":{"line":1,"column":15},"end":{"line":1,"column":34}},"1":{"start":{"line":2,"column":17},"end":{"line":2,"column":36}},"2":{"start":{"line":3,"column":13},"end":{"line":3,"column":35}},"3":{"start":{"line":4,"column":17},"end":{"line":4,"column":45}},"4":{"start":{"line":12,"column":9},"end":{"line":41,"column":14}},"5":{"start":{"line":14,"column":16},"end":{"line":16,"column":17}},"6":{"start":{"line":15,"column":20},"end":{"line":15,"column":82}},"7":{"start":{"line":17,"column":20},"end":{"line":36,"column":22}},"8":{"start":{"line":28,"column":23},"end":{"line":30,"column":24}},"9":{"start":{"line":29,"column":24},"end":{"line":29,"column":45}},"10":{"start":{"line":31,"column":24},"end":{"line":31,"column":63}},"11":{"start":{"line":33,"column":24},"end":{"line":33,"column":40}},"12":{"start":{"line":34,"column":24},"end":{"line":34,"column":63}},"13":{"start":{"line":39,"column":16},"end":{"line":39,"column":30}},"14":{"start":{"line":40,"column":16},"end":{"line":40,"column":55}},"15":{"start":{"line":49,"column":30},"end":{"line":53,"column":15}},"16":{"start":{"line":54,"column":12},"end":{"line":64,"column":15}},"17":{"start":{"line":55,"column":17},"end":{"line":57,"column":18}},"18":{"start":{"line":56,"column":19},"end":{"line":56,"column":86}},"19":{"start":{"line":58,"column":17},"end":{"line":58,"column":66}},"20":{"start":{"line":61,"column":17},"end":{"line":61,"column":35}},"21":{"start":{"line":62,"column":17},"end":{"line":62,"column":56}},"22":{"start":{"line":68,"column":7},"end":{"line":80,"column":10}},"23":{"start":{"line":72,"column":12},"end":{"line":74,"column":13}},"24":{"start":{"line":73,"column":16},"end":{"line":73,"column":42}},"25":{"start":{"line":77,"column":12},"end":{"line":77,"column":28}},"26":{"start":{"line":78,"column":12},"end":{"line":78,"column":51}},"27":{"start":{"line":85,"column":8},"end":{"line":97,"column":10}},"28":{"start":{"line":88,"column":12},"end":{"line":88,"column":29}},"29":{"start":{"line":89,"column":16},"end":{"line":91,"column":17}},"30":{"start":{"line":90,"column":20},"end":{"line":90,"column":43}},"31":{"start":{"line":92,"column":16},"end":{"line":92,"column":69}},"32":{"start":{"line":95,"column":12},"end":{"line":95,"column":26}},"33":{"start":{"line":96,"column":12},"end":{"line":96,"column":51}},"34":{"start":{"line":105,"column":7},"end":{"line":112,"column":10}},"35":{"start":{"line":106,"column":12},"end":{"line":106,"column":44}},"36":{"start":{"line":106,"column":21},"end":{"line":106,"column":44}},"37":{"start":{"line":107,"column":12},"end":{"line":107,"column":60}},"38":{"start":{"line":109,"column":12},"end":{"line":109,"column":26}},"39":{"start":{"line":110,"column":12},"end":{"line":110,"column":51}},"40":{"start":{"line":116,"column":8},"end":{"line":128,"column":10}},"41":{"start":{"line":121,"column":12},"end":{"line":123,"column":13}},"42":{"start":{"line":122,"column":16},"end":{"line":122,"column":39}},"43":{"start":{"line":124,"column":12},"end":{"line":124,"column":64}},"44":{"start":{"line":126,"column":12},"end":{"line":126,"column":26}},"45":{"start":{"line":127,"column":12},"end":{"line":127,"column":51}},"46":{"start":{"line":134,"column":8},"end":{"line":141,"column":10}},"47":{"start":{"line":135,"column":16},"end":{"line":135,"column":49}},"48":{"start":{"line":135,"column":26},"end":{"line":135,"column":49}},"49":{"start":{"line":136,"column":16},"end":{"line":136,"column":64}},"50":{"start":{"line":139,"column":12},"end":{"line":139,"column":26}},"51":{"start":{"line":140,"column":12},"end":{"line":140,"column":51}},"52":{"start":{"line":146,"column":9},"end":{"line":172,"column":10}},"53":{"start":{"line":148,"column":12},"end":{"line":166,"column":13}},"54":{"start":{"line":149,"column":29},"end":{"line":157,"column":14}},"55":{"start":{"line":158,"column":11},"end":{"line":164,"column":14}},"56":{"start":{"line":159,"column":15},"end":{"line":159,"column":40}},"57":{"start":{"line":162,"column":16},"end":{"line":162,"column":34}},"58":{"start":{"line":163,"column":16},"end":{"line":163,"column":55}},"59":{"start":{"line":167,"column":12},"end":{"line":167,"column":60}},"60":{"start":{"line":170,"column":12},"end":{"line":170,"column":26}},"61":{"start":{"line":171,"column":12},"end":{"line":171,"column":51}},"62":{"start":{"line":176,"column":8},"end":{"line":185,"column":14}},"63":{"start":{"line":180,"column":15},"end":{"line":180,"column":41}},"64":{"start":{"line":183,"column":16},"end":{"line":183,"column":32}},"65":{"start":{"line":184,"column":16},"end":{"line":184,"column":55}},"66":{"start":{"line":189,"column":47},"end":{"line":189,"column":55}},"67":{"start":{"line":190,"column":12},"end":{"line":192,"column":13}},"68":{"start":{"line":191,"column":16},"end":{"line":191,"column":68}},"69":{"start":{"line":194,"column":8},"end":{"line":217,"column":14}},"70":{"start":{"line":197,"column":12},"end":{"line":213,"column":14}},"71":{"start":{"line":199,"column":16},"end":{"line":208,"column":17}},"72":{"start":{"line":200,"column":20},"end":{"line":207,"column":22}},"73":{"start":{"line":204,"column":25},"end":{"line":204,"column":81}},"74":{"start":{"line":206,"column":26},"end":{"line":206,"column":65}},"75":{"start":{"line":209,"column":16},"end":{"line":209,"column":74}},"76":{"start":{"line":212,"column":16},"end":{"line":212,"column":55}},"77":{"start":{"line":216,"column":16},"end":{"line":216,"column":55}},"78":{"start":{"line":433,"column":0},"end":{"line":433,"column":29}}},"fnMap":{"0":{"name":"(anonymous_0)","decl":{"start":{"line":9,"column":4},"end":{"line":9,"column":5}},"loc":{"start":{"line":9,"column":36},"end":{"line":43,"column":9}},"line":9},"1":{"name":"(anonymous_1)","decl":{"start":{"line":13,"column":18},"end":{"line":13,"column":19}},"loc":{"start":{"line":13,"column":31},"end":{"line":38,"column":13}},"line":13},"2":{"name":"(anonymous_2)","decl":{"start":{"line":27,"column":25},"end":{"line":27,"column":26}},"loc":{"start":{"line":27,"column":31},"end":{"line":32,"column":21}},"line":27},"3":{"name":"(anonymous_3)","decl":{"start":{"line":32,"column":29},"end":{"line":32,"column":30}},"loc":{"start":{"line":32,"column":34},"end":{"line":36,"column":21}},"line":32},"4":{"name":"(anonymous_4)","decl":{"start":{"line":38,"column":21},"end":{"line":38,"column":22}},"loc":{"start":{"line":38,"column":26},"end":{"line":41,"column":13}},"line":38},"5":{"name":"(anonymous_5)","decl":{"start":{"line":47,"column":4},"end":{"line":47,"column":5}},"loc":{"start":{"line":47,"column":40},"end":{"line":65,"column":5}},"line":47},"6":{"name":"(anonymous_6)","decl":{"start":{"line":54,"column":42},"end":{"line":54,"column":43}},"loc":{"start":{"line":54,"column":52},"end":{"line":60,"column":14}},"line":54},"7":{"name":"(anonymous_7)","decl":{"start":{"line":60,"column":22},"end":{"line":60,"column":23}},"loc":{"start":{"line":60,"column":31},"end":{"line":64,"column":14}},"line":60},"8":{"name":"(anonymous_8)","decl":{"start":{"line":66,"column":4},"end":{"line":66,"column":5}},"loc":{"start":{"line":66,"column":40},"end":{"line":81,"column":5}},"line":66},"9":{"name":"(anonymous_9)","decl":{"start":{"line":71,"column":14},"end":{"line":71,"column":15}},"loc":{"start":{"line":71,"column":23},"end":{"line":75,"column":9}},"line":71},"10":{"name":"(anonymous_10)","decl":{"start":{"line":76,"column":15},"end":{"line":76,"column":16}},"loc":{"start":{"line":76,"column":20},"end":{"line":80,"column":9}},"line":76},"11":{"name":"(anonymous_11)","decl":{"start":{"line":83,"column":4},"end":{"line":83,"column":5}},"loc":{"start":{"line":83,"column":42},"end":{"line":99,"column":5}},"line":83},"12":{"name":"(anonymous_12)","decl":{"start":{"line":87,"column":16},"end":{"line":87,"column":17}},"loc":{"start":{"line":87,"column":22},"end":{"line":94,"column":9}},"line":87},"13":{"name":"(anonymous_13)","decl":{"start":{"line":94,"column":17},"end":{"line":94,"column":18}},"loc":{"start":{"line":94,"column":20},"end":{"line":97,"column":9}},"line":94},"14":{"name":"(anonymous_14)","decl":{"start":{"line":101,"column":4},"end":{"line":101,"column":5}},"loc":{"start":{"line":101,"column":42},"end":{"line":113,"column":5}},"line":101},"15":{"name":"(anonymous_15)","decl":{"start":{"line":105,"column":99},"end":{"line":105,"column":100}},"loc":{"start":{"line":105,"column":105},"end":{"line":108,"column":9}},"line":105},"16":{"name":"(anonymous_16)","decl":{"start":{"line":108,"column":17},"end":{"line":108,"column":18}},"loc":{"start":{"line":108,"column":20},"end":{"line":112,"column":9}},"line":108},"17":{"name":"(anonymous_17)","decl":{"start":{"line":114,"column":4},"end":{"line":114,"column":5}},"loc":{"start":{"line":114,"column":35},"end":{"line":131,"column":5}},"line":114},"18":{"name":"(anonymous_18)","decl":{"start":{"line":120,"column":27},"end":{"line":120,"column":28}},"loc":{"start":{"line":120,"column":33},"end":{"line":125,"column":9}},"line":120},"19":{"name":"(anonymous_19)","decl":{"start":{"line":125,"column":17},"end":{"line":125,"column":18}},"loc":{"start":{"line":125,"column":20},"end":{"line":128,"column":9}},"line":125},"20":{"name":"(anonymous_20)","decl":{"start":{"line":132,"column":4},"end":{"line":132,"column":5}},"loc":{"start":{"line":132,"column":36},"end":{"line":142,"column":5}},"line":132},"21":{"name":"(anonymous_21)","decl":{"start":{"line":134,"column":91},"end":{"line":134,"column":92}},"loc":{"start":{"line":134,"column":97},"end":{"line":138,"column":9}},"line":134},"22":{"name":"(anonymous_22)","decl":{"start":{"line":138,"column":17},"end":{"line":138,"column":18}},"loc":{"start":{"line":138,"column":20},"end":{"line":141,"column":9}},"line":138},"23":{"name":"(anonymous_23)","decl":{"start":{"line":144,"column":4},"end":{"line":144,"column":5}},"loc":{"start":{"line":144,"column":41},"end":{"line":173,"column":9}},"line":144},"24":{"name":"(anonymous_24)","decl":{"start":{"line":146,"column":92},"end":{"line":146,"column":93}},"loc":{"start":{"line":146,"column":98},"end":{"line":169,"column":9}},"line":146},"25":{"name":"(anonymous_25)","decl":{"start":{"line":158,"column":41},"end":{"line":158,"column":42}},"loc":{"start":{"line":158,"column":51},"end":{"line":161,"column":13}},"line":158},"26":{"name":"(anonymous_26)","decl":{"start":{"line":161,"column":21},"end":{"line":161,"column":22}},"loc":{"start":{"line":161,"column":30},"end":{"line":164,"column":13}},"line":161},"27":{"name":"(anonymous_27)","decl":{"start":{"line":169,"column":17},"end":{"line":169,"column":18}},"loc":{"start":{"line":169,"column":20},"end":{"line":172,"column":9}},"line":169},"28":{"name":"(anonymous_28)","decl":{"start":{"line":175,"column":4},"end":{"line":175,"column":5}},"loc":{"start":{"line":175,"column":40},"end":{"line":186,"column":5}},"line":175},"29":{"name":"(anonymous_29)","decl":{"start":{"line":179,"column":18},"end":{"line":179,"column":19}},"loc":{"start":{"line":179,"column":27},"end":{"line":181,"column":13}},"line":179},"30":{"name":"(anonymous_30)","decl":{"start":{"line":182,"column":19},"end":{"line":182,"column":20}},"loc":{"start":{"line":182,"column":24},"end":{"line":185,"column":13}},"line":182},"31":{"name":"(anonymous_31)","decl":{"start":{"line":188,"column":4},"end":{"line":188,"column":5}},"loc":{"start":{"line":188,"column":41},"end":{"line":219,"column":5}},"line":188},"32":{"name":"(anonymous_32)","decl":{"start":{"line":195,"column":18},"end":{"line":195,"column":19}},"loc":{"start":{"line":195,"column":31},"end":{"line":215,"column":13}},"line":195},"33":{"name":"(anonymous_33)","decl":{"start":{"line":198,"column":18},"end":{"line":198,"column":19}},"loc":{"start":{"line":198,"column":27},"end":{"line":210,"column":13}},"line":198},"34":{"name":"(anonymous_34)","decl":{"start":{"line":203,"column":25},"end":{"line":203,"column":26}},"loc":{"start":{"line":203,"column":31},"end":{"line":205,"column":21}},"line":203},"35":{"name":"(anonymous_35)","decl":{"start":{"line":205,"column":29},"end":{"line":205,"column":30}},"loc":{"start":{"line":205,"column":34},"end":{"line":207,"column":21}},"line":205},"36":{"name":"(anonymous_36)","decl":{"start":{"line":211,"column":18},"end":{"line":211,"column":19}},"loc":{"start":{"line":211,"column":21},"end":{"line":213,"column":13}},"line":211},"37":{"name":"(anonymous_37)","decl":{"start":{"line":215,"column":21},"end":{"line":215,"column":22}},"loc":{"start":{"line":215,"column":24},"end":{"line":217,"column":13}},"line":215}},"branchMap":{"0":{"loc":{"start":{"line":14,"column":16},"end":{"line":16,"column":17}},"type":"if","locations":[{"start":{"line":14,"column":16},"end":{"line":16,"column":17}},{"start":{"line":14,"column":16},"end":{"line":16,"column":17}}],"line":14},"1":{"loc":{"start":{"line":14,"column":19},"end":{"line":14,"column":59}},"type":"binary-expr","locations":[{"start":{"line":14,"column":19},"end":{"line":14,"column":28}},{"start":{"line":14,"column":32},"end":{"line":14,"column":59}}],"line":14},"2":{"loc":{"start":{"line":28,"column":23},"end":{"line":30,"column":24}},"type":"if","locations":[{"start":{"line":28,"column":23},"end":{"line":30,"column":24}},{"start":{"line":28,"column":23},"end":{"line":30,"column":24}}],"line":28},"3":{"loc":{"start":{"line":55,"column":17},"end":{"line":57,"column":18}},"type":"if","locations":[{"start":{"line":55,"column":17},"end":{"line":57,"column":18}},{"start":{"line":55,"column":17},"end":{"line":57,"column":18}}],"line":55},"4":{"loc":{"start":{"line":72,"column":12},"end":{"line":74,"column":13}},"type":"if","locations":[{"start":{"line":72,"column":12},"end":{"line":74,"column":13}},{"start":{"line":72,"column":12},"end":{"line":74,"column":13}}],"line":72},"5":{"loc":{"start":{"line":89,"column":16},"end":{"line":91,"column":17}},"type":"if","locations":[{"start":{"line":89,"column":16},"end":{"line":91,"column":17}},{"start":{"line":89,"column":16},"end":{"line":91,"column":17}}],"line":89},"6":{"loc":{"start":{"line":106,"column":12},"end":{"line":106,"column":44}},"type":"if","locations":[{"start":{"line":106,"column":12},"end":{"line":106,"column":44}},{"start":{"line":106,"column":12},"end":{"line":106,"column":44}}],"line":106},"7":{"loc":{"start":{"line":121,"column":12},"end":{"line":123,"column":13}},"type":"if","locations":[{"start":{"line":121,"column":12},"end":{"line":123,"column":13}},{"start":{"line":121,"column":12},"end":{"line":123,"column":13}}],"line":121},"8":{"loc":{"start":{"line":135,"column":16},"end":{"line":135,"column":49}},"type":"if","locations":[{"start":{"line":135,"column":16},"end":{"line":135,"column":49}},{"start":{"line":135,"column":16},"end":{"line":135,"column":49}}],"line":135},"9":{"loc":{"start":{"line":148,"column":12},"end":{"line":166,"column":13}},"type":"if","locations":[{"start":{"line":148,"column":12},"end":{"line":166,"column":13}},{"start":{"line":148,"column":12},"end":{"line":166,"column":13}}],"line":148},"10":{"loc":{"start":{"line":190,"column":12},"end":{"line":192,"column":13}},"type":"if","locations":[{"start":{"line":190,"column":12},"end":{"line":192,"column":13}},{"start":{"line":190,"column":12},"end":{"line":192,"column":13}}],"line":190},"11":{"loc":{"start":{"line":190,"column":15},"end":{"line":190,"column":48}},"type":"binary-expr","locations":[{"start":{"line":190,"column":15},"end":{"line":190,"column":27}},{"start":{"line":190,"column":31},"end":{"line":190,"column":48}}],"line":190},"12":{"loc":{"start":{"line":199,"column":16},"end":{"line":208,"column":17}},"type":"if","locations":[{"start":{"line":199,"column":16},"end":{"line":208,"column":17}},{"start":{"line":199,"column":16},"end":{"line":208,"column":17}}],"line":199}},"s":{"0":7,"1":7,"2":7,"3":7,"4":4,"5":3,"6":1,"7":2,"8":1,"9":0,"10":1,"11":1,"12":1,"13":1,"14":1,"15":2,"16":2,"17":1,"18":1,"19":0,"20":1,"21":1,"22":2,"23":1,"24":1,"25":1,"26":1,"27":3,"28":2,"29":2,"30":1,"31":1,"32":1,"33":1,"34":3,"35":2,"36":1,"37":1,"38":1,"39":1,"40":3,"41":2,"42":1,"43":1,"44":1,"45":1,"46":3,"47":2,"48":1,"49":1,"50":1,"51":1,"52":3,"53":2,"54":1,"55":1,"56":1,"57":0,"58":0,"59":1,"60":1,"61":1,"62":1,"63":1,"64":0,"65":0,"66":3,"67":3,"68":1,"69":2,"70":1,"71":1,"72":0,"73":0,"74":0,"75":1,"76":0,"77":1,"78":7},"f":{"0":4,"1":3,"2":1,"3":1,"4":1,"5":2,"6":1,"7":1,"8":2,"9":1,"10":1,"11":3,"12":2,"13":1,"14":3,"15":2,"16":1,"17":3,"18":2,"19":1,"20":3,"21":2,"22":1,"23":3,"24":2,"25":1,"26":0,"27":1,"28":1,"29":1,"30":0,"31":3,"32":1,"33":1,"34":0,"35":0,"36":0,"37":1},"b":{"0":[1,2],"1":[3,1],"2":[0,1],"3":[1,0],"4":[1,0],"5":[1,1],"6":[1,1],"7":[1,1],"8":[1,1],"9":[1,1],"10":[1,2],"11":[3,2],"12":[0,1]},"_coverageSchema":"1a1c01bbd47fc00a2c39e90264f33305004495a9","hash":"5de1162aa90d0a81513b0854c9c5c99b9cb5d9ba"}
,"D:\\sem 5 project travel guide app\\Smart-travel-guide-app\\Server\\middleware\\ifAdmin.js": {"path":"D:\\sem 5 project travel guide app\\Smart-travel-guide-app\\Server\\middleware\\ifAdmin.js","statementMap":{"0":{"start":{"line":1,"column":14},"end":{"line":8,"column":1}},"1":{"start":{"line":2,"column":4},"end":{"line":7,"column":5}},"2":{"start":{"line":3,"column":8},"end":{"line":3,"column":14}},"3":{"start":{"line":6,"column":8},"end":{"line":6,"column":60}},"4":{"start":{"line":9,"column":0},"end":{"line":9,"column":23}}},"fnMap":{"0":{"name":"(anonymous_0)","decl":{"start":{"line":1,"column":14},"end":{"line":1,"column":15}},"loc":{"start":{"line":1,"column":30},"end":{"line":8,"column":1}},"line":1}},"branchMap":{"0":{"loc":{"start":{"line":2,"column":4},"end":{"line":7,"column":5}},"type":"if","locations":[{"start":{"line":2,"column":4},"end":{"line":7,"column":5}},{"start":{"line":2,"column":4},"end":{"line":7,"column":5}}],"line":2}},"s":{"0":7,"1":2,"2":1,"3":1,"4":7},"f":{"0":2},"b":{"0":[1,1]},"_coverageSchema":"1a1c01bbd47fc00a2c39e90264f33305004495a9","hash":"e0e7d0ebd52cb73c91242c9c6050daf3ede02ce9"}
,"D:\\sem 5 project travel guide app\\Smart-travel-guide-app\\Server\\middleware\\ifAdminNotLoggedIn.js": {"path":"D:\\sem 5 project travel guide app\\Smart-travel-guide-app\\Server\\middleware\\ifAdminNotLoggedIn.js","statementMap":{"0":{"start":{"line":1,"column":25},"end":{"line":8,"column":1}},"1":{"start":{"line":2,"column":4},"end":{"line":7,"column":5}},"2":{"start":{"line":3,"column":8},"end":{"line":3,"column":14}},"3":{"start":{"line":6,"column":8},"end":{"line":6,"column":77}},"4":{"start":{"line":9,"column":0},"end":{"line":9,"column":34}}},"fnMap":{"0":{"name":"(anonymous_0)","decl":{"start":{"line":1,"column":25},"end":{"line":1,"column":26}},"loc":{"start":{"line":1,"column":41},"end":{"line":8,"column":1}},"line":1}},"branchMap":{"0":{"loc":{"start":{"line":2,"column":4},"end":{"line":7,"column":5}},"type":"if","locations":[{"start":{"line":2,"column":4},"end":{"line":7,"column":5}},{"start":{"line":2,"column":4},"end":{"line":7,"column":5}}],"line":2}},"s":{"0":7,"1":2,"2":1,"3":1,"4":7},"f":{"0":2},"b":{"0":[1,1]},"_coverageSchema":"1a1c01bbd47fc00a2c39e90264f33305004495a9","hash":"30284a627683ff0c27bcfeb55fb1bc44c9f00840"}
,"D:\\sem 5 project travel guide app\\Smart-travel-guide-app\\Server\\middleware\\ifTraveller.js": {"path":"D:\\sem 5 project travel guide app\\Smart-travel-guide-app\\Server\\middleware\\ifTraveller.js","statementMap":{"0":{"start":{"line":1,"column":18},"end":{"line":8,"column":1}},"1":{"start":{"line":2,"column":4},"end":{"line":7,"column":5}},"2":{"start":{"line":3,"column":8},"end":{"line":3,"column":14}},"3":{"start":{"line":6,"column":8},"end":{"line":6,"column":60}},"4":{"start":{"line":9,"column":0},"end":{"line":9,"column":27}}},"fnMap":{"0":{"name":"(anonymous_0)","decl":{"start":{"line":1,"column":18},"end":{"line":1,"column":19}},"loc":{"start":{"line":1,"column":34},"end":{"line":8,"column":1}},"line":1}},"branchMap":{"0":{"loc":{"start":{"line":2,"column":4},"end":{"line":7,"column":5}},"type":"if","locations":[{"start":{"line":2,"column":4},"end":{"line":7,"column":5}},{"start":{"line":2,"column":4},"end":{"line":7,"column":5}}],"line":2}},"s":{"0":7,"1":2,"2":1,"3":1,"4":7},"f":{"0":2},"b":{"0":[1,1]},"_coverageSchema":"1a1c01bbd47fc00a2c39e90264f33305004495a9","hash":"e23d0c1c701722cef6de51195c01dd777170ead3"}
,"D:\\sem 5 project travel guide app\\Smart-travel-guide-app\\Server\\middleware\\ifUserNotLoggedIn.js": {"path":"D:\\sem 5 project travel guide app\\Smart-travel-guide-app\\Server\\middleware\\ifUserNotLoggedIn.js","statementMap":{"0":{"start":{"line":1,"column":24},"end":{"line":8,"column":1}},"1":{"start":{"line":2,"column":4},"end":{"line":7,"column":5}},"2":{"start":{"line":3,"column":8},"end":{"line":3,"column":14}},"3":{"start":{"line":6,"column":8},"end":{"line":6,"column":77}},"4":{"start":{"line":9,"column":0},"end":{"line":9,"column":33}}},"fnMap":{"0":{"name":"(anonymous_0)","decl":{"start":{"line":1,"column":24},"end":{"line":1,"column":25}},"loc":{"start":{"line":1,"column":40},"end":{"line":8,"column":1}},"line":1}},"branchMap":{"0":{"loc":{"start":{"line":2,"column":4},"end":{"line":7,"column":5}},"type":"if","locations":[{"start":{"line":2,"column":4},"end":{"line":7,"column":5}},{"start":{"line":2,"column":4},"end":{"line":7,"column":5}}],"line":2}},"s":{"0":7,"1":2,"2":1,"3":1,"4":7},"f":{"0":2},"b":{"0":[1,1]},"_coverageSchema":"1a1c01bbd47fc00a2c39e90264f33305004495a9","hash":"3b793f2d72a23001cefaa20107978dc93be4450d"}
,"D:\\sem 5 project travel guide app\\Smart-travel-guide-app\\Server\\models\\Province.js": {"path":"D:\\sem 5 project travel guide app\\Smart-travel-guide-app\\Server\\models\\Province.js","statementMap":{"0":{"start":{"line":1,"column":17},"end":{"line":1,"column":36}},"1":{"start":{"line":2,"column":23},"end":{"line":18,"column":2}},"2":{"start":{"line":20,"column":0},"end":{"line":20,"column":41}}},"fnMap":{},"branchMap":{},"s":{"0":7,"1":7,"2":7},"f":{},"b":{},"_coverageSchema":"1a1c01bbd47fc00a2c39e90264f33305004495a9","hash":"8cb8d3cc8225e99aa395fb04ccb4d44244b79f28"}
,"D:\\sem 5 project travel guide app\\Smart-travel-guide-app\\Server\\models\\TravelPlan.js": {"path":"D:\\sem 5 project travel guide app\\Smart-travel-guide-app\\Server\\models\\TravelPlan.js","statementMap":{"0":{"start":{"line":1,"column":17},"end":{"line":1,"column":36}},"1":{"start":{"line":2,"column":19},"end":{"line":2,"column":40}},"2":{"start":{"line":3,"column":21},"end":{"line":29,"column":21}},"3":{"start":{"line":31,"column":0},"end":{"line":31,"column":41}}},"fnMap":{},"branchMap":{},"s":{"0":7,"1":7,"2":7,"3":7},"f":{},"b":{},"_coverageSchema":"1a1c01bbd47fc00a2c39e90264f33305004495a9","hash":"8cc819820af6c22bcf1fadbb02203d59f3782f40"}
,"D:\\sem 5 project travel guide app\\Smart-travel-guide-app\\Server\\models\\admin.js": {"path":"D:\\sem 5 project travel guide app\\Smart-travel-guide-app\\Server\\models\\admin.js","statementMap":{"0":{"start":{"line":1,"column":17},"end":{"line":1,"column":36}},"1":{"start":{"line":2,"column":19},"end":{"line":2,"column":40}},"2":{"start":{"line":3,"column":20},"end":{"line":28,"column":2}},"3":{"start":{"line":30,"column":0},"end":{"line":30,"column":35}}},"fnMap":{},"branchMap":{},"s":{"0":7,"1":7,"2":7,"3":7},"f":{},"b":{},"_coverageSchema":"1a1c01bbd47fc00a2c39e90264f33305004495a9","hash":"22a44927f5006b0a323e6be121e538cfec6a2f24"}
,"D:\\sem 5 project travel guide app\\Smart-travel-guide-app\\Server\\models\\user.js": {"path":"D:\\sem 5 project travel guide app\\Smart-travel-guide-app\\Server\\models\\user.js","statementMap":{"0":{"start":{"line":1,"column":17},"end":{"line":1,"column":36}},"1":{"start":{"line":2,"column":19},"end":{"line":36,"column":2}},"2":{"start":{"line":38,"column":0},"end":{"line":38,"column":33}}},"fnMap":{},"branchMap":{},"s":{"0":7,"1":7,"2":7},"f":{},"b":{},"_coverageSchema":"1a1c01bbd47fc00a2c39e90264f33305004495a9","hash":"99b097b383ca5fd3c109a70eb63106926109879f"}
,"D:\\sem 5 project travel guide app\\Smart-travel-guide-app\\Server\\routes\\admin.js": {"path":"D:\\sem 5 project travel guide app\\Smart-travel-guide-app\\Server\\routes\\admin.js","statementMap":{"0":{"start":{"line":1,"column":14},"end":{"line":1,"column":32}},"1":{"start":{"line":2,"column":24},"end":{"line":2,"column":64}},"2":{"start":{"line":3,"column":13},"end":{"line":3,"column":29}},"3":{"start":{"line":5,"column":14},"end":{"line":5,"column":46}},"4":{"start":{"line":6,"column":25},"end":{"line":6,"column":68}},"5":{"start":{"line":9,"column":0},"end":{"line":9,"column":79}},"6":{"start":{"line":10,"column":0},"end":{"line":10,"column":82}},"7":{"start":{"line":11,"column":0},"end":{"line":11,"column":76}},"8":{"start":{"line":12,"column":0},"end":{"line":12,"column":83}},"9":{"start":{"line":13,"column":0},"end":{"line":13,"column":95}},"10":{"start":{"line":14,"column":0},"end":{"line":14,"column":88}},"11":{"start":{"line":16,"column":0},"end":{"line":16,"column":45}},"12":{"start":{"line":17,"column":0},"end":{"line":17,"column":44}},"13":{"start":{"line":18,"column":0},"end":{"line":18,"column":101}},"14":{"start":{"line":19,"column":0},"end":{"line":19,"column":99}},"15":{"start":{"line":20,"column":0},"end":{"line":20,"column":95}},"16":{"start":{"line":21,"column":0},"end":{"line":21,"column":89}},"17":{"start":{"line":22,"column":0},"end":{"line":22,"column":95}},"18":{"start":{"line":23,"column":0},"end":{"line":23,"column":87}},"19":{"start":{"line":24,"column":0},"end":{"line":24,"column":89}},"20":{"start":{"line":27,"column":0},"end":{"line":27,"column":22}}},"fnMap":{},"branchMap":{},"s":{"0":7,"1":7,"2":7,"3":7,"4":7,"5":7,"6":7,"7":7,"8":7,"9":7,"10":7,"11":7,"12":7,"13":7,"14":7,"15":7,"16":7,"17":7,"18":7,"19":7,"20":7},"f":{},"b":{},"_coverageSchema":"1a1c01bbd47fc00a2c39e90264f33305004495a9","hash":"289f5277fce9ea8eda613d1c78512b6e10f73fcc"}
,"D:\\sem 5 project travel guide app\\Smart-travel-guide-app\\Server\\routes\\index.js": {"path":"D:\\sem 5 project travel guide app\\Smart-travel-guide-app\\Server\\routes\\index.js","statementMap":{"0":{"start":{"line":1,"column":14},"end":{"line":1,"column":32}},"1":{"start":{"line":2,"column":13},"end":{"line":2,"column":29}},"2":{"start":{"line":3,"column":21},"end":{"line":3,"column":60}},"3":{"start":{"line":7,"column":0},"end":{"line":7,"column":44}},"4":{"start":{"line":8,"column":0},"end":{"line":8,"column":43}},"5":{"start":{"line":9,"column":0},"end":{"line":9,"column":44}},"6":{"start":{"line":11,"column":0},"end":{"line":11,"column":40}},"7":{"start":{"line":12,"column":0},"end":{"line":12,"column":38}},"8":{"start":{"line":19,"column":0},"end":{"line":19,"column":21}}},"fnMap":{},"branchMap":{},"s":{"0":7,"1":7,"2":7,"3":7,"4":7,"5":7,"6":7,"7":7,"8":7},"f":{},"b":{},"_coverageSchema":"1a1c01bbd47fc00a2c39e90264f33305004495a9","hash":"3d3a3c1c6f79eb924afea34c1f6f56b8d1967c08"}
,"D:\\sem 5 project travel guide app\\Smart-travel-guide-app\\Server\\routes\\user.js": {"path":"D:\\sem 5 project travel guide app\\Smart-travel-guide-app\\Server\\routes\\user.js","statementMap":{"0":{"start":{"line":1,"column":14},"end":{"line":1,"column":32}},"1":{"start":{"line":2,"column":21},"end":{"line":2,"column":60}},"2":{"start":{"line":3,"column":13},"end":{"line":3,"column":29}},"3":{"start":{"line":5,"column":24},"end":{"line":5,"column":66}},"4":{"start":{"line":6,"column":18},"end":{"line":6,"column":54}},"5":{"start":{"line":9,"column":0},"end":{"line":9,"column":91}},"6":{"start":{"line":10,"column":0},"end":{"line":10,"column":97}},"7":{"start":{"line":12,"column":0},"end":{"line":12,"column":82}},"8":{"start":{"line":13,"column":0},"end":{"line":13,"column":96}},"9":{"start":{"line":14,"column":0},"end":{"line":14,"column":87}},"10":{"start":{"line":15,"column":0},"end":{"line":15,"column":98}},"11":{"start":{"line":16,"column":0},"end":{"line":16,"column":82}},"12":{"start":{"line":17,"column":0},"end":{"line":17,"column":92}},"13":{"start":{"line":18,"column":0},"end":{"line":18,"column":82}},"14":{"start":{"line":19,"column":0},"end":{"line":19,"column":91}},"15":{"start":{"line":22,"column":0},"end":{"line":22,"column":22}}},"fnMap":{},"branchMap":{},"s":{"0":7,"1":7,"2":7,"3":7,"4":7,"5":7,"6":7,"7":7,"8":7,"9":7,"10":7,"11":7,"12":7,"13":7,"14":7,"15":7},"f":{},"b":{},"_coverageSchema":"1a1c01bbd47fc00a2c39e90264f33305004495a9","hash":"7824d6ef12a922baf9fd7e29358d23830884d207"}
}
