TN:
SF:app.js
FN:16,(anonymous_0)
FN:19,(anonymous_1)
FN:66,(anonymous_2)
FN:71,(anonymous_3)
FNF:4
FNH:2
FNDA:3,(anonymous_0)
FNDA:0,(anonymous_1)
FNDA:0,(anonymous_2)
FNDA:1,(anonymous_3)
DA:1,7
DA:2,7
DA:3,7
DA:4,7
DA:5,7
DA:6,7
DA:7,7
DA:9,7
DA:11,7
DA:16,7
DA:17,3
DA:19,7
DA:20,0
DA:24,7
DA:29,7
DA:43,7
DA:44,7
DA:45,7
DA:46,7
DA:49,7
DA:53,7
DA:56,7
DA:62,7
DA:63,7
DA:64,7
DA:66,7
DA:67,0
DA:71,7
DA:72,1
DA:75,7
LF:30
LH:28
BRF:0
BRH:0
end_of_record
TN:
SF:controller\adminController.js
FN:10,(anonymous_0)
FN:17,(anonymous_1)
FN:22,(anonymous_2)
FN:33,(anonymous_3)
FN:36,(anonymous_4)
FN:43,(anonymous_5)
FN:49,(anonymous_6)
FN:55,(anonymous_7)
FN:60,(anonymous_8)
FN:72,(anonymous_9)
FN:76,(anonymous_10)
FN:82,(anonymous_11)
FN:84,(anonymous_12)
FN:87,(anonymous_13)
FN:92,(anonymous_14)
FN:94,(anonymous_15)
FN:97,(anonymous_16)
FN:102,(anonymous_17)
FN:104,(anonymous_18)
FN:107,(anonymous_19)
FN:112,(anonymous_20)
FN:114,(anonymous_21)
FN:117,(anonymous_22)
FN:122,(anonymous_23)
FN:127,(anonymous_24)
FN:136,(anonymous_25)
FN:139,(anonymous_26)
FN:145,(anonymous_27)
FN:148,(anonymous_28)
FN:153,(anonymous_29)
FN:158,(anonymous_30)
FN:164,(anonymous_31)
FN:173,(anonymous_32)
FN:176,(anonymous_33)
FN:185,(anonymous_34)
FN:191,(anonymous_35)
FN:193,(anonymous_36)
FN:199,(anonymous_37)
FN:202,(anonymous_38)
FN:207,(anonymous_39)
FN:213,(anonymous_40)
FN:215,(anonymous_41)
FN:221,(anonymous_42)
FN:224,(anonymous_43)
FN:229,(anonymous_44)
FN:235,(anonymous_45)
FN:239,(anonymous_46)
FN:242,(anonymous_47)
FN:247,(anonymous_48)
FN:251,(anonymous_49)
FN:254,(anonymous_50)
FN:259,(anonymous_51)
FN:260,(anonymous_52)
FN:262,(anonymous_53)
FN:268,(anonymous_54)
FN:271,(anonymous_55)
FN:274,(anonymous_56)
FN:279,(anonymous_57)
FN:281,(anonymous_58)
FN:284,(anonymous_59)
FNF:60
FNH:47
FNDA:4,(anonymous_0)
FNDA:2,(anonymous_1)
FNDA:1,(anonymous_2)
FNDA:0,(anonymous_3)
FNDA:1,(anonymous_4)
FNDA:1,(anonymous_5)
FNDA:5,(anonymous_6)
FNDA:3,(anonymous_7)
FNDA:1,(anonymous_8)
FNDA:1,(anonymous_9)
FNDA:1,(anonymous_10)
FNDA:1,(anonymous_11)
FNDA:1,(anonymous_12)
FNDA:0,(anonymous_13)
FNDA:1,(anonymous_14)
FNDA:1,(anonymous_15)
FNDA:0,(anonymous_16)
FNDA:1,(anonymous_17)
FNDA:1,(anonymous_18)
FNDA:0,(anonymous_19)
FNDA:1,(anonymous_20)
FNDA:1,(anonymous_21)
FNDA:0,(anonymous_22)
FNDA:2,(anonymous_23)
FNDA:1,(anonymous_24)
FNDA:0,(anonymous_25)
FNDA:0,(anonymous_26)
FNDA:1,(anonymous_27)
FNDA:0,(anonymous_28)
FNDA:1,(anonymous_29)
FNDA:2,(anonymous_30)
FNDA:1,(anonymous_31)
FNDA:0,(anonymous_32)
FNDA:0,(anonymous_33)
FNDA:1,(anonymous_34)
FNDA:3,(anonymous_35)
FNDA:2,(anonymous_36)
FNDA:1,(anonymous_37)
FNDA:0,(anonymous_38)
FNDA:1,(anonymous_39)
FNDA:3,(anonymous_40)
FNDA:2,(anonymous_41)
FNDA:1,(anonymous_42)
FNDA:0,(anonymous_43)
FNDA:1,(anonymous_44)
FNDA:2,(anonymous_45)
FNDA:1,(anonymous_46)
FNDA:1,(anonymous_47)
FNDA:1,(anonymous_48)
FNDA:1,(anonymous_49)
FNDA:0,(anonymous_50)
FNDA:2,(anonymous_51)
FNDA:1,(anonymous_52)
FNDA:1,(anonymous_53)
FNDA:2,(anonymous_54)
FNDA:1,(anonymous_55)
FNDA:1,(anonymous_56)
FNDA:2,(anonymous_57)
FNDA:1,(anonymous_58)
FNDA:1,(anonymous_59)
DA:1,7
DA:2,7
DA:3,7
DA:4,7
DA:5,7
DA:6,7
DA:11,4
DA:12,4
DA:13,1
DA:16,3
DA:18,2
DA:19,1
DA:21,1
DA:23,1
DA:32,1
DA:34,0
DA:37,1
DA:38,1
DA:44,1
DA:45,1
DA:50,5
DA:51,5
DA:52,1
DA:54,4
DA:56,3
DA:57,1
DA:59,2
DA:61,1
DA:62,0
DA:63,0
DA:64,0
DA:65,0
DA:66,0
DA:69,1
DA:73,1
DA:74,1
DA:77,1
DA:78,1
DA:83,1
DA:85,1
DA:88,0
DA:89,0
DA:93,1
DA:95,1
DA:98,0
DA:99,0
DA:103,1
DA:105,1
DA:108,0
DA:109,0
DA:113,1
DA:115,1
DA:118,0
DA:119,0
DA:123,2
DA:126,2
DA:128,1
DA:129,0
DA:135,0
DA:137,0
DA:140,0
DA:143,1
DA:144,1
DA:146,1
DA:149,0
DA:150,0
DA:154,1
DA:155,1
DA:159,2
DA:163,2
DA:165,1
DA:166,0
DA:172,0
DA:174,0
DA:177,0
DA:178,0
DA:182,1
DA:183,1
DA:186,1
DA:187,1
DA:192,3
DA:194,2
DA:195,1
DA:197,1
DA:198,1
DA:200,1
DA:203,0
DA:204,0
DA:208,1
DA:209,1
DA:214,3
DA:216,2
DA:217,1
DA:219,1
DA:220,1
DA:222,1
DA:225,0
DA:226,0
DA:230,1
DA:231,1
DA:236,2
DA:240,1
DA:243,1
DA:244,1
DA:248,1
DA:252,1
DA:255,0
DA:256,0
DA:260,2
DA:261,1
DA:263,1
DA:264,1
DA:270,2
DA:272,1
DA:275,1
DA:276,1
DA:280,2
DA:282,1
DA:285,1
DA:286,1
DA:291,7
LF:121
LH:90
BRDA:12,0,0,1
BRDA:12,0,1,3
BRDA:12,1,0,4
BRDA:12,1,1,3
BRDA:12,1,2,3
BRDA:12,1,3,3
BRDA:12,1,4,3
BRDA:18,2,0,1
BRDA:18,2,1,1
BRDA:51,3,0,1
BRDA:51,3,1,4
BRDA:51,4,0,5
BRDA:51,4,1,4
BRDA:56,5,0,1
BRDA:56,5,1,2
BRDA:61,6,0,0
BRDA:61,6,1,1
BRDA:128,7,0,0
BRDA:128,7,1,1
BRDA:143,8,0,1
BRDA:143,8,1,0
BRDA:165,9,0,0
BRDA:165,9,1,1
BRDA:182,10,0,1
BRDA:182,10,1,0
BRDA:194,11,0,1
BRDA:194,11,1,1
BRDA:197,12,0,1
BRDA:197,12,1,0
BRDA:216,13,0,1
BRDA:216,13,1,1
BRDA:219,14,0,1
BRDA:219,14,1,0
BRF:33
BRH:26
end_of_record
TN:
SF:controller\rootController.js
FN:12,(anonymous_0)
FN:20,(anonymous_1)
FN:25,(anonymous_2)
FN:38,(anonymous_3)
FN:41,(anonymous_4)
FN:48,(anonymous_5)
FN:54,(anonymous_6)
FN:60,(anonymous_7)
FN:65,(anonymous_8)
FN:78,(anonymous_9)
FN:82,(anonymous_10)
FN:88,(anonymous_11)
FNF:12
FNH:12
FNDA:5,(anonymous_0)
FNDA:3,(anonymous_1)
FNDA:2,(anonymous_2)
FNDA:1,(anonymous_3)
FNDA:1,(anonymous_4)
FNDA:1,(anonymous_5)
FNDA:5,(anonymous_6)
FNDA:3,(anonymous_7)
FNDA:1,(anonymous_8)
FNDA:1,(anonymous_9)
FNDA:1,(anonymous_10)
FNDA:1,(anonymous_11)
DA:1,7
DA:2,7
DA:3,7
DA:5,7
DA:13,5
DA:14,5
DA:15,1
DA:16,1
DA:19,4
DA:21,3
DA:22,1
DA:24,2
DA:26,2
DA:37,2
DA:39,1
DA:42,1
DA:43,1
DA:49,1
DA:50,1
DA:55,5
DA:56,5
DA:57,1
DA:59,4
DA:61,3
DA:62,1
DA:64,2
DA:66,1
DA:67,0
DA:68,0
DA:69,0
DA:70,0
DA:71,0
DA:72,0
DA:75,1
DA:79,1
DA:80,1
DA:83,1
DA:84,1
DA:89,1
DA:90,1
DA:96,7
LF:41
LH:35
BRDA:14,0,0,1
BRDA:14,0,1,4
BRDA:14,1,0,5
BRDA:14,1,1,4
BRDA:14,1,2,4
BRDA:14,1,3,4
BRDA:14,1,4,4
BRDA:14,1,5,4
BRDA:14,1,6,4
BRDA:21,2,0,1
BRDA:21,2,1,2
BRDA:56,3,0,1
BRDA:56,3,1,4
BRDA:56,4,0,5
BRDA:56,4,1,4
BRDA:61,5,0,1
BRDA:61,5,1,2
BRDA:66,6,0,0
BRDA:66,6,1,1
BRF:19
BRH:18
end_of_record
TN:
SF:controller\userController.js
FN:9,(anonymous_0)
FN:13,(anonymous_1)
FN:27,(anonymous_2)
FN:32,(anonymous_3)
FN:38,(anonymous_4)
FN:47,(anonymous_5)
FN:54,(anonymous_6)
FN:60,(anonymous_7)
FN:66,(anonymous_8)
FN:71,(anonymous_9)
FN:76,(anonymous_10)
FN:83,(anonymous_11)
FN:87,(anonymous_12)
FN:94,(anonymous_13)
FN:101,(anonymous_14)
FN:105,(anonymous_15)
FN:108,(anonymous_16)
FN:114,(anonymous_17)
FN:120,(anonymous_18)
FN:125,(anonymous_19)
FN:132,(anonymous_20)
FN:134,(anonymous_21)
FN:138,(anonymous_22)
FN:144,(anonymous_23)
FN:146,(anonymous_24)
FN:158,(anonymous_25)
FN:161,(anonymous_26)
FN:169,(anonymous_27)
FN:175,(anonymous_28)
FN:179,(anonymous_29)
FN:182,(anonymous_30)
FN:188,(anonymous_31)
FN:195,(anonymous_32)
FN:198,(anonymous_33)
FN:203,(anonymous_34)
FN:205,(anonymous_35)
FN:211,(anonymous_36)
FN:215,(anonymous_37)
FNF:38
FNH:33
FNDA:4,(anonymous_0)
FNDA:3,(anonymous_1)
FNDA:1,(anonymous_2)
FNDA:1,(anonymous_3)
FNDA:1,(anonymous_4)
FNDA:2,(anonymous_5)
FNDA:1,(anonymous_6)
FNDA:1,(anonymous_7)
FNDA:2,(anonymous_8)
FNDA:1,(anonymous_9)
FNDA:1,(anonymous_10)
FNDA:3,(anonymous_11)
FNDA:2,(anonymous_12)
FNDA:1,(anonymous_13)
FNDA:3,(anonymous_14)
FNDA:2,(anonymous_15)
FNDA:1,(anonymous_16)
FNDA:3,(anonymous_17)
FNDA:2,(anonymous_18)
FNDA:1,(anonymous_19)
FNDA:3,(anonymous_20)
FNDA:2,(anonymous_21)
FNDA:1,(anonymous_22)
FNDA:3,(anonymous_23)
FNDA:2,(anonymous_24)
FNDA:1,(anonymous_25)
FNDA:0,(anonymous_26)
FNDA:1,(anonymous_27)
FNDA:1,(anonymous_28)
FNDA:1,(anonymous_29)
FNDA:0,(anonymous_30)
FNDA:3,(anonymous_31)
FNDA:1,(anonymous_32)
FNDA:1,(anonymous_33)
FNDA:0,(anonymous_34)
FNDA:0,(anonymous_35)
FNDA:0,(anonymous_36)
FNDA:1,(anonymous_37)
DA:1,7
DA:2,7
DA:3,7
DA:4,7
DA:12,4
DA:14,3
DA:15,1
DA:17,2
DA:28,1
DA:29,0
DA:31,1
DA:33,1
DA:34,1
DA:39,1
DA:40,1
DA:49,2
DA:54,2
DA:55,1
DA:56,1
DA:58,0
DA:61,1
DA:62,1
DA:68,2
DA:72,1
DA:73,1
DA:77,1
DA:78,1
DA:85,3
DA:88,2
DA:89,2
DA:90,1
DA:92,1
DA:95,1
DA:96,1
DA:105,3
DA:106,2
DA:107,1
DA:109,1
DA:110,1
DA:116,3
DA:121,2
DA:122,1
DA:124,1
DA:126,1
DA:127,1
DA:134,3
DA:135,2
DA:136,1
DA:139,1
DA:140,1
DA:146,3
DA:148,2
DA:149,1
DA:158,1
DA:159,1
DA:162,0
DA:163,0
DA:167,1
DA:170,1
DA:171,1
DA:176,1
DA:180,1
DA:183,0
DA:184,0
DA:189,3
DA:190,3
DA:191,1
DA:194,2
DA:197,1
DA:199,1
DA:200,0
DA:204,0
DA:206,0
DA:209,1
DA:212,0
DA:216,1
DA:433,7
LF:77
LH:67
BRDA:14,0,0,1
BRDA:14,0,1,2
BRDA:14,1,0,3
BRDA:14,1,1,1
BRDA:28,2,0,0
BRDA:28,2,1,1
BRDA:55,3,0,1
BRDA:55,3,1,0
BRDA:72,4,0,1
BRDA:72,4,1,0
BRDA:89,5,0,1
BRDA:89,5,1,1
BRDA:106,6,0,1
BRDA:106,6,1,1
BRDA:121,7,0,1
BRDA:121,7,1,1
BRDA:135,8,0,1
BRDA:135,8,1,1
BRDA:148,9,0,1
BRDA:148,9,1,1
BRDA:190,10,0,1
BRDA:190,10,1,2
BRDA:190,11,0,3
BRDA:190,11,1,2
BRDA:199,12,0,0
BRDA:199,12,1,1
BRF:26
BRH:22
end_of_record
TN:
SF:middleware\ifAdmin.js
FN:1,(anonymous_0)
FNF:1
FNH:1
FNDA:2,(anonymous_0)
DA:1,7
DA:2,2
DA:3,1
DA:6,1
DA:9,7
LF:5
LH:5
BRDA:2,0,0,1
BRDA:2,0,1,1
BRF:2
BRH:2
end_of_record
TN:
SF:middleware\ifAdminNotLoggedIn.js
FN:1,(anonymous_0)
FNF:1
FNH:1
FNDA:2,(anonymous_0)
DA:1,7
DA:2,2
DA:3,1
DA:6,1
DA:9,7
LF:5
LH:5
BRDA:2,0,0,1
BRDA:2,0,1,1
BRF:2
BRH:2
end_of_record
TN:
SF:middleware\ifTraveller.js
FN:1,(anonymous_0)
FNF:1
FNH:1
FNDA:2,(anonymous_0)
DA:1,7
DA:2,2
DA:3,1
DA:6,1
DA:9,7
LF:5
LH:5
BRDA:2,0,0,1
BRDA:2,0,1,1
BRF:2
BRH:2
end_of_record
TN:
SF:middleware\ifUserNotLoggedIn.js
FN:1,(anonymous_0)
FNF:1
FNH:1
FNDA:2,(anonymous_0)
DA:1,7
DA:2,2
DA:3,1
DA:6,1
DA:9,7
LF:5
LH:5
BRDA:2,0,0,1
BRDA:2,0,1,1
BRF:2
BRH:2
end_of_record
TN:
SF:models\Province.js
FNF:0
FNH:0
DA:1,7
DA:2,7
DA:20,7
LF:3
LH:3
BRF:0
BRH:0
end_of_record
TN:
SF:models\TravelPlan.js
FNF:0
FNH:0
DA:1,7
DA:2,7
DA:3,7
DA:31,7
LF:4
LH:4
BRF:0
BRH:0
end_of_record
TN:
SF:models\admin.js
FNF:0
FNH:0
DA:1,7
DA:2,7
DA:3,7
DA:30,7
LF:4
LH:4
BRF:0
BRH:0
end_of_record
TN:
SF:models\user.js
FNF:0
FNH:0
DA:1,7
DA:2,7
DA:38,7
LF:3
LH:3
BRF:0
BRH:0
end_of_record
TN:
SF:routes\admin.js
FNF:0
FNH:0
DA:1,7
DA:2,7
DA:3,7
DA:5,7
DA:6,7
DA:9,7
DA:10,7
DA:11,7
DA:12,7
DA:13,7
DA:14,7
DA:16,7
DA:17,7
DA:18,7
DA:19,7
DA:20,7
DA:21,7
DA:22,7
DA:23,7
DA:24,7
DA:27,7
LF:21
LH:21
BRF:0
BRH:0
end_of_record
TN:
SF:routes\index.js
FNF:0
FNH:0
DA:1,7
DA:2,7
DA:3,7
DA:7,7
DA:8,7
DA:9,7
DA:11,7
DA:12,7
DA:19,7
LF:9
LH:9
BRF:0
BRH:0
end_of_record
TN:
SF:routes\user.js
FNF:0
FNH:0
DA:1,7
DA:2,7
DA:3,7
DA:5,7
DA:6,7
DA:9,7
DA:10,7
DA:12,7
DA:13,7
DA:14,7
DA:15,7
DA:16,7
DA:17,7
DA:18,7
DA:19,7
DA:22,7
LF:16
LH:16
BRF:0
BRH:0
end_of_record
